]0;vc-pqc | loquat_table3
--------------------------------------------------------------------
  vc-pqc thesis -- suite: loquat_table3
  Loquat Table-3 Griffin benchmark
  Started : 2026-05-06 22:47:01
  Log     : /Users/takumiotsuka/Library/Mobile Documents/com~apple~CloudDocs/Desktop/Projects/research/thesis/results/run_20260506_224202/logs/loquat_table3.log
--------------------------------------------------------------------

Loquat Table-3-style rows (Rust, Griffin hash)
Columns: Security & kappa & |sigma| (KiB) & tP (s) & tV (s) & Hash \\

Building loquat_snark_stats (release)...
   Compiling proc-macro2 v1.0.103
   Compiling unicode-ident v1.0.22
   Compiling quote v1.0.42
   Compiling libc v0.2.184
   Compiling cfg-if v1.0.4
   Compiling serde_core v1.0.228
   Compiling version_check v0.9.5
   Compiling serde v1.0.228
   Compiling autocfg v1.5.0
   Compiling once_cell v1.21.3
   Compiling subtle v2.6.1
   Compiling typenum v1.19.0
   Compiling const-oid v0.9.6
   Compiling pin-project-lite v0.2.16
   Compiling libm v0.2.16
   Compiling zerocopy v0.8.31
   Compiling paste v1.0.15
   Compiling log v0.4.29
   Compiling memchr v2.7.6
   Compiling stable_deref_trait v1.2.1
   Compiling bitflags v2.11.0
   Compiling smallvec v1.15.1
   Compiling find-msvc-tools v0.1.5
   Compiling tracing-core v0.1.35
   Compiling shlex v1.3.0
   Compiling generic-array v0.14.7
   Compiling strsim v0.11.1
   Compiling hashbrown v0.17.0
   Compiling winnow v1.0.1
   Compiling num-traits v0.2.19
   Compiling cc v1.2.48
   Compiling itoa v1.0.15
   Compiling ident_case v1.0.1
   Compiling equivalent v1.0.2
   Compiling anyhow v1.0.102
   Compiling indexmap v2.14.0
   Compiling thiserror v2.0.18
   Compiling futures-core v0.3.32
   Compiling rustversion v1.0.22
   Compiling toml_datetime v1.1.1+spec-1.1.0
   Compiling toml_parser v1.1.2+spec-1.1.0
   Compiling foldhash v0.1.5
   Compiling allocator-api2 v0.2.21
   Compiling cfg_aliases v0.2.1
   Compiling spin v0.9.8
   Compiling borsh v1.6.1
   Compiling lazy_static v1.5.0
   Compiling toml_edit v0.25.11+spec-1.1.0
   Compiling hashbrown v0.15.5
   Compiling rand_core v0.9.5
   Compiling either v1.15.0
   Compiling num-integer v0.1.46
   Compiling arrayvec v0.7.6
   Compiling futures-sink v0.3.32
   Compiling num-bigint v0.4.6
   Compiling proc-macro-crate v3.5.0
   Compiling core-foundation-sys v0.8.7
   Compiling itertools v0.13.0
   Compiling ring v0.17.14
   Compiling foreign-types-shared v0.3.1
   Compiling litemap v0.8.2
   Compiling bitflags v1.3.2
   Compiling writeable v0.6.3
   Compiling ahash v0.8.12
   Compiling risc0-zkp v3.0.4
   Compiling block v0.1.6
   Compiling icu_properties_data v2.1.2
   Compiling base64ct v1.8.3
   Compiling icu_normalizer_data v2.1.1
   Compiling hex v0.4.3
   Compiling pem-rfc7468 v0.7.0
   Compiling crypto-common v0.1.7
   Compiling block-buffer v0.10.4
   Compiling digest v0.10.7
   Compiling blake2 v0.10.6
   Compiling slab v0.4.12
   Compiling hex-literal v0.4.1
   Compiling fnv v1.0.7
   Compiling getrandom v0.2.16
   Compiling cpufeatures v0.2.17
   Compiling rand_core v0.6.4
   Compiling sha2 v0.10.9
   Compiling socket2 v0.6.3
   Compiling mio v1.2.0
   Compiling malloc_buf v0.0.6
   Compiling core-foundation v0.9.4
   Compiling syn v2.0.111
   Compiling objc v0.2.7
   Compiling core-graphics-types v0.1.3
   Compiling untrusted v0.9.0
   Compiling httparse v1.10.1
   Compiling futures-io v0.3.32
   Compiling percent-encoding v2.3.2
   Compiling unicode-xid v0.2.6
   Compiling futures-task v0.3.32
   Compiling rand v0.9.3
   Compiling futures-util v0.3.32
   Compiling ryu v1.0.20
   Compiling try-lock v0.2.5
   Compiling tower-service v0.3.3
   Compiling serde_json v1.0.145
   Compiling ruint-macro v1.2.1
   Compiling heck v0.5.0
   Compiling ppv-lite86 v0.2.21
   Compiling rustls v0.23.38
   Compiling syn v1.0.109
   Compiling rand_chacha v0.3.1
   Compiling rand v0.8.5
   Compiling synstructure v0.13.2
   Compiling ark-std v0.5.0
   Compiling semver v1.0.28
   Compiling darling_core v0.23.0
   Compiling darling_core v0.20.11
   Compiling want v0.3.1
   Compiling keccak v0.1.5
   Compiling futures-channel v0.3.32
   Compiling tracing-subscriber v0.2.25
   Compiling aho-corasick v1.1.4
   Compiling getrandom v0.4.2
   Compiling atomic-waker v1.1.2
   Compiling rustix v1.1.4
   Compiling serde_derive v1.0.228
   Compiling zeroize_derive v1.4.3
   Compiling tracing-attributes v0.1.31
   Compiling zerofrom-derive v0.1.6
   Compiling yoke-derive v0.8.1
   Compiling zeroize v1.8.2
   Compiling zerovec-derive v0.11.2
   Compiling displaydoc v0.2.5
   Compiling zerofrom v0.1.7
   Compiling tracing v0.1.43
   Compiling enum-ordinalize-derive v4.3.2
   Compiling thiserror-impl v2.0.18
   Compiling ark-serialize-derive v0.5.0
   Compiling num_enum_derive v0.7.6
   Compiling ark-serialize v0.5.0
   Compiling ark-ff-asm v0.5.0
   Compiling enum-ordinalize v4.3.2
   Compiling ark-ff-macros v0.5.0
   Compiling stability v0.2.1
   Compiling num_enum v0.7.6
   Compiling borsh-derive v1.6.1
   Compiling bytemuck_derive v1.10.2
   Compiling foreign-types-macros v0.2.3
   Compiling foreign-types v0.5.0
   Compiling derive_more-impl v2.1.1
   Compiling darling_macro v0.23.0
   Compiling bytemuck v1.25.0
   Compiling darling_macro v0.20.11
   Compiling regex-syntax v0.8.8
   Compiling num-bigint-dig v0.8.6
   Compiling elf v0.7.4
   Compiling derive_more v2.1.1
   Compiling rustls-pki-types v1.14.0
   Compiling der v0.7.10
   Compiling yoke v0.8.1
   Compiling regex-automata v0.4.13
   Compiling spki v0.7.3
   Compiling rustls-webpki v0.103.11
   Compiling pkcs8 v0.10.2
   Compiling darling v0.20.11
   Compiling educe v0.6.0
   Compiling darling v0.23.0
   Compiling cobs v0.3.0
   Compiling num-iter v0.1.45
   Compiling form_urlencoded v1.2.2
   Compiling ark-ff v0.5.0
   Compiling errno v0.3.14
   Compiling sync_wrapper v1.0.2
   Compiling proc-macro2-diagnostics v0.10.1
   Compiling winnow v0.7.14
   Compiling toml_write v0.1.2
   Compiling bytes v1.11.1
   Compiling postcard v1.1.3
   Compiling metal v0.29.0
   Compiling serde_spanned v0.6.9
   Compiling toml_datetime v0.6.11
   Compiling utf8_iter v1.0.4
   Compiling tokio v1.51.1
   Compiling http v1.4.0
   Compiling base64 v0.22.1
   Compiling ruint v1.17.2
   Compiling ipnet v2.12.0
   Compiling risc0-core v3.0.1
   Compiling http-body v1.0.1
   Compiling camino v1.2.2
   Compiling tower-layer v0.3.3
   Compiling byteorder v1.5.0
   Compiling risc0-circuit-recursion v4.0.4
   Compiling merlin v3.0.0
   Compiling toml_edit v0.22.27
   Compiling pkcs1 v0.7.5
   Compiling zerovec v0.11.5
   Compiling zerotrie v0.2.3
   Compiling hyper v1.9.0
   Compiling derive_builder_core v0.20.2
   Compiling serde_with_macros v3.18.0
   Compiling hyper-util v0.1.20
   Compiling risc0-zkvm-platform v2.2.2
   Compiling tower v0.5.3
   Compiling derivative v2.2.0
   Compiling tokio-rustls v0.26.4
   Compiling webpki-roots v1.0.6
   Compiling strum_macros v0.27.2
   Compiling ark-crypto-primitives-macros v0.5.0
   Compiling signature v2.2.0
   Compiling hashlink v0.10.0
   Compiling encoding_rs v0.8.35
   Compiling iri-string v0.7.12
   Compiling arraydeque v0.5.1
   Compiling option-ext v0.2.0
   Compiling fastrand v2.4.1
   Compiling dirs-sys v0.5.0
   Compiling itertools v0.14.0
   Compiling tempfile v3.27.0
   Compiling regex v1.12.3
   Compiling rsa v0.9.10
   Compiling strum v0.27.2
   Compiling hyper-rustls v0.27.8
   Compiling yaml-rust2 v0.10.4
   Compiling serde_with v3.18.0
   Compiling derive_builder_macro v0.20.2
   Compiling toml v0.8.23
   Compiling tokio-util v0.7.18
   Compiling http-body-util v0.1.3
   Compiling tower-http v0.6.8
   Compiling cargo-platform v0.1.9
   Compiling serde_urlencoded v0.7.1
   Compiling risc0-circuit-keccak v4.0.5
   Compiling tinystr v0.8.2
   Compiling potential_utf v0.1.4
   Compiling crc32fast v1.5.0
   Compiling icu_locale_core v2.1.1
   Compiling icu_collections v2.1.1
   Compiling no_std_strings v0.1.3
   Compiling include_bytes_aligned v0.1.4
   Compiling risc0-zkos-v1compat v2.2.2
   Compiling cargo_metadata v0.19.2
   Compiling prost-derive v0.13.5
   Compiling derive_builder v0.20.2
   Compiling duplicate v2.0.1
   Compiling icu_provider v2.1.1
   Compiling lazy-regex-proc_macros v3.6.0
   Compiling icu_normalizer v2.1.1
   Compiling icu_properties v2.1.2
   Compiling dirs v6.0.0
   Compiling maybe-async v0.2.10
   Compiling cmake v0.1.54
   Compiling adler2 v2.0.1
   Compiling downcast-rs v1.2.1
   Compiling bit-vec v0.8.0
   Compiling docker-generate v0.1.3
   Compiling simd-adler32 v0.3.9
   Compiling lazy-regex v3.6.0
   Compiling miniz_oxide v0.8.9
   Compiling rrs-lib v0.1.0
   Compiling vc-pqc v0.1.0 (/Users/takumiotsuka/Library/Mobile Documents/com~apple~CloudDocs/Desktop/Projects/research/thesis)
   Compiling prost v0.13.5
   Compiling idna_adapter v1.2.1
   Compiling bincode v1.3.3
   Compiling idna v1.1.0
   Compiling matchers v0.2.0
   Compiling rmp v0.8.15
   Compiling sharded-slab v0.1.7
   Compiling tracing-log v0.2.0
   Compiling thread_local v1.1.9
   Compiling nu-ansi-term v0.50.3
   Compiling rmpv v1.3.1
   Compiling url v2.5.8
   Compiling flate2 v1.1.9
   Compiling sha3 v0.10.8
   Compiling tracing-subscriber v0.3.22
   Compiling rzup v0.5.1
   Compiling reqwest v0.12.28
   Compiling bonsai-sdk v1.4.2
   Compiling risc0-binfmt v3.0.4
   Compiling risc0-build v3.0.5
   Compiling risc0-circuit-rv32im v4.0.4
   Compiling ark-poly v0.5.0
   Compiling ark-relations v0.5.1
   Compiling ark-snark v0.5.1
   Compiling ark-ec v0.5.0
   Compiling ark-crypto-primitives v0.5.0
   Compiling ark-bn254 v0.5.0
   Compiling ark-groth16 v0.5.0
   Compiling risc0-groth16 v3.0.4
   Compiling risc0-zkvm v3.0.5
warning: unused import: `super::encoding`
 --> src/loquat/verify.rs:1:5
  |
1 | use super::encoding;
  |     ^^^^^^^^^^^^^^^
  |
  = note: `#[warn(unused_imports)]` (part of `#[warn(unused)]`) on by default

warning: unused import: `std::string::ToString`
  --> src/loquat/verify.rs:14:5
   |
14 | use std::string::ToString;
   |     ^^^^^^^^^^^^^^^^^^^^^

warning: unused variable: `full_prove_ms`
  --> src/bench/griffin.rs:29:28
   |
29 |     let (full_constraints, full_prove_ms, full_verify_ms, full_proof_bytes) =
   |                            ^^^^^^^^^^^^^ help: if this is intentional, prefix it with an underscore: `_full_prove_ms`
   |
   = note: `#[warn(unused_variables)]` (part of `#[warn(unused)]`) on by default

warning: unused variable: `full_verify_ms`
  --> src/bench/griffin.rs:29:43
   |
29 |     let (full_constraints, full_prove_ms, full_verify_ms, full_proof_bytes) =
   |                                           ^^^^^^^^^^^^^^ help: if this is intentional, prefix it with an underscore: `_full_verify_ms`

warning: unused variable: `full_proof_bytes`
  --> src/bench/griffin.rs:29:59
   |
29 |     let (full_constraints, full_prove_ms, full_verify_ms, full_proof_bytes) =
   |                                                           ^^^^^^^^^^^^^^^^ help: if this is intentional, prefix it with an underscore: `_full_proof_bytes`

warning: unused variable: `mu_var`
    --> src/snarks/loquat_r1cs.rs:2951:9
     |
2951 |     let mu_var = F2Var {
     |         ^^^^^^ help: if this is intentional, prefix it with an underscore: `_mu_var`

warning: function `hex_encode_sample` is never used
    --> src/bdec/mod.rs:2446:4
     |
2446 | fn hex_encode_sample(bytes: &[u8]) -> String {
     |    ^^^^^^^^^^^^^^^^^
     |
     = note: `#[warn(dead_code)]` (part of `#[warn(unused)]`) on by default

warning: function `flatten_field2_matrix` is never used
   --> src/loquat/sign.rs:185:4
    |
185 | fn flatten_field2_matrix(matrix: &[Vec<F2>], out: &mut Vec<u8>) {
    |    ^^^^^^^^^^^^^^^^^^^^^

warning: function `flatten_two_nested_field2` is never used
   --> src/loquat/sign.rs:206:4
    |
206 | fn flatten_two_nested_field2(blocks: &[Vec<Vec<F2>>], out: &mut Vec<u8>) {
    |    ^^^^^^^^^^^^^^^^^^^^^^^^^

warning: method `verify_ldt` is never used
   --> src/loquat/verify.rs:699:8
    |
552 | impl<'a> Algorithm7Verifier<'a> {
    | ------------------------------- method in this implementation
...
699 |     fn verify_ldt(&mut self) -> LoquatResult<()> {
    |        ^^^^^^^^^^

warning: function `merkle_path_opening` is never used
 --> src/snarks/loquat_r1cs.rs:1:4
  |
1 | fn merkle_path_opening(
  |    ^^^^^^^^^^^^^^^^^^^

warning: function `merkle_path_opening_fields` is never used
  --> src/snarks/loquat_r1cs.rs:90:4
   |
90 | fn merkle_path_opening_fields(
   |    ^^^^^^^^^^^^^^^^^^^^^^^^^^

warning: function `digest_bytes_to_field_vars` is never used
   --> src/snarks/loquat_r1cs.rs:270:4
    |
270 | fn digest_bytes_to_field_vars(
    |    ^^^^^^^^^^^^^^^^^^^^^^^^^^

warning: function `merkle_cap_root_from_nodes` is never used
   --> src/snarks/loquat_r1cs.rs:289:4
    |
289 | fn merkle_cap_root_from_nodes(
    |    ^^^^^^^^^^^^^^^^^^^^^^^^^^

warning: function `enforce_field_digest_equals_bytes` is never used
   --> src/snarks/loquat_r1cs.rs:360:4
    |
360 | fn enforce_field_digest_equals_bytes(
    |    ^^^^^^^^^^^^^^^^^^^^^^^^^^^^^^^^^

warning: function `field_mul_const` is never used
   --> src/snarks/loquat_r1cs.rs:922:4
    |
922 | fn field_mul_const(builder: &mut R1csBuilder, var: FieldVar, constant: F) -> FieldVar {
    |    ^^^^^^^^^^^^^^^

warning: method `to_dense` is never used
    --> src/snarks/loquat_r1cs.rs:1014:8
     |
 974 | impl SparseLC {
     | ------------- method in this implementation
...
1014 |     fn to_dense(&self, num_variables: usize) -> Vec<F> {
     |        ^^^^^^^^

warning: methods `enforce_f2_sum_equals_unit`, `enforce_f2_sum_equals_const`, `xor3_bits`, `majority_bits`, and `choice_bits` are never used
    --> src/snarks/loquat_r1cs.rs:1176:8
     |
1069 | impl R1csBuilder {
     | ---------------- methods in this implementation
...
1176 |     fn enforce_f2_sum_equals_unit(&mut self, vars: &[F2Var], target: F2Var) {
     |        ^^^^^^^^^^^^^^^^^^^^^^^^^^
...
1202 |     fn enforce_f2_sum_equals_const(&mut self, vars: &[F2Var], constant: F2) {
     |        ^^^^^^^^^^^^^^^^^^^^^^^^^^^
...
1283 |     fn xor3_bits(
     |        ^^^^^^^^^
...
1304 |     fn majority_bits(
     |        ^^^^^^^^^^^^^
...
1320 |     fn choice_bits(
     |        ^^^^^^^^^^^

warning: function `enforce_qr_witness_constraint` is never used
    --> src/snarks/loquat_r1cs.rs:3694:4
     |
3694 | fn enforce_qr_witness_constraint(
     |    ^^^^^^^^^^^^^^^^^^^^^^^^^^^^^

warning: function `enforce_expected_relation` is never used
    --> src/snarks/loquat_r1cs.rs:3747:4
     |
3747 | fn enforce_expected_relation(
     |    ^^^^^^^^^^^^^^^^^^^^^^^^^

warning: function `alloc_f2` is never used
    --> src/snarks/loquat_r1cs.rs:3836:4
     |
3836 | fn alloc_f2(builder: &mut R1csBuilder, value: F2) -> F2Var {
     |    ^^^^^^^^

warning: function `enforce_f2_add_eq` is never used
    --> src/snarks/loquat_r1cs.rs:3840:4
     |
3840 | fn enforce_f2_add_eq(builder: &mut R1csBuilder, left: F2Var, right: F2Var, target: F2Var) {
     |    ^^^^^^^^^^^^^^^^^

warning: function `enforce_f2_sub_eq` is never used
    --> src/snarks/loquat_r1cs.rs:3844:4
     |
3844 | fn enforce_f2_sub_eq(builder: &mut R1csBuilder, left: F2Var, right: F2Var, target: F2Var) {
     |    ^^^^^^^^^^^^^^^^^

warning: function `enforce_f0_linear_combination` is never used
    --> src/snarks/loquat_r1cs.rs:3954:4
     |
3954 | fn enforce_f0_linear_combination(
     |    ^^^^^^^^^^^^^^^^^^^^^^^^^^^^^

warning: function `enforce_byte_equality` is never used
    --> src/snarks/loquat_r1cs.rs:3992:4
     |
3992 | fn enforce_byte_equality(builder: &mut R1csBuilder, left: &Byte, right: &Byte) {
     |    ^^^^^^^^^^^^^^^^^^^^^

warning: function `bytes_from_f2` is never used
    --> src/snarks/loquat_r1cs.rs:4886:4
     |
4886 | fn bytes_from_f2(builder: &mut R1csBuilder, var: F2Var, value: F2) -> Vec<Byte> {
     |    ^^^^^^^^^^^^^

warning: function `serialize_field_matrix_bytes` is never used
    --> src/snarks/loquat_r1cs.rs:4892:4
     |
4892 | fn serialize_field_matrix_bytes(
     |    ^^^^^^^^^^^^^^^^^^^^^^^^^^^^

warning: struct `TranscriptCircuit` is never constructed
    --> src/snarks/loquat_r1cs.rs:4920:8
     |
4920 | struct TranscriptCircuit {
     |        ^^^^^^^^^^^^^^^^^

warning: associated items `new`, `append_message`, and `challenge` are never used
    --> src/snarks/loquat_r1cs.rs:4926:8
     |
4925 | impl TranscriptCircuit {
     | ---------------------- associated items in this implementation
4926 |     fn new(builder: &mut R1csBuilder, label: &[u8]) -> Self {
     |        ^^^
...
4936 |     fn append_message(&mut self, builder: &mut R1csBuilder, label: &[u8], data: &[Byte]) {
     |        ^^^^^^^^^^^^^^
...
4949 |     fn challenge(&mut self, builder: &mut R1csBuilder, label: &[u8]) -> Vec<Byte> {
     |        ^^^^^^^^^

warning: method `append_digest32_as_fields` is never used
    --> src/snarks/loquat_r1cs.rs:5002:8
     |
4981 | impl FieldTranscriptCircuit {
     | --------------------------- method in this implementation
...
5002 |     fn append_digest32_as_fields(
     |        ^^^^^^^^^^^^^^^^^^^^^^^^^

warning: function `enforce_field_matches_digest` is never used
    --> src/snarks/loquat_r1cs.rs:5106:4
     |
5106 | fn enforce_field_matches_digest(
     |    ^^^^^^^^^^^^^^^^^^^^^^^^^^^^

warning: function `enforce_digest_equals_bytes` is never used
    --> src/snarks/loquat_r1cs.rs:5505:4
     |
5505 | fn enforce_digest_equals_bytes(builder: &mut R1csBuilder, digest: &[Byte], expected: &[u8; 32]) {
     |    ^^^^^^^^^^^^^^^^^^^^^^^^^^^

warning: function `merkle_root_from_leaves` is never used
    --> src/snarks/loquat_r1cs.rs:5512:4
     |
5512 | fn merkle_root_from_leaves(builder: &mut R1csBuilder, leaves: &[Vec<Byte>]) -> Vec<Byte> {
     |    ^^^^^^^^^^^^^^^^^^^^^^^

warning: function `build_fri_layer_leaves` is never used
    --> src/snarks/loquat_r1cs.rs:5535:4
     |
5535 | fn build_fri_layer_leaves(
     |    ^^^^^^^^^^^^^^^^^^^^^^

warning: function `collect_f2_field_vars` is never used
    --> src/snarks/loquat_r1cs.rs:5661:4
     |
5661 | fn collect_f2_field_vars(vars: &[F2Var], values: &[F2]) -> Vec<FieldVar> {
     |    ^^^^^^^^^^^^^^^^^^^^^

warning: function `griffin_hash_f2_chunk` is never used
    --> src/snarks/loquat_r1cs.rs:5673:4
     |
5673 | fn griffin_hash_f2_chunk(
     |    ^^^^^^^^^^^^^^^^^^^^^

warning: function `hash_chunked_f2_vector` is never used
    --> src/snarks/loquat_r1cs.rs:5682:4
     |
5682 | fn hash_chunked_f2_vector(
     |    ^^^^^^^^^^^^^^^^^^^^^^

warning: function `hash_chunked_c_columns` is never used
    --> src/snarks/loquat_r1cs.rs:5700:4
     |
5700 | fn hash_chunked_c_columns(
     |    ^^^^^^^^^^^^^^^^^^^^^^

warning: function `merkle_root_from_field_digests` is never used
    --> src/snarks/loquat_r1cs.rs:5749:4
     |
5749 | fn merkle_root_from_field_digests(
     |    ^^^^^^^^^^^^^^^^^^^^^^^^^^^^^^

warning: function `merkle_root_from_f2_vector` is never used
    --> src/snarks/loquat_r1cs.rs:5772:4
     |
5772 | fn merkle_root_from_f2_vector(
     |    ^^^^^^^^^^^^^^^^^^^^^^^^^^

warning: function `merkle_root_from_c_matrix` is never used
    --> src/snarks/loquat_r1cs.rs:5783:4
     |
5783 | fn merkle_root_from_c_matrix(
     |    ^^^^^^^^^^^^^^^^^^^^^^^^^

warning: `vc-pqc` (lib) generated 41 warnings (run `cargo fix --lib -p vc-pqc` to apply 6 suggestions)
    Finished `release` profile [optimized] target(s) in 30.21s

Loquat-80 & 20 & 38.6 & 0.020 & 0.013 & Griffin \\
Loquat-100 & 25 & 50.5 & 0.015 & 0.014 & Griffin \\
Loquat-128 & 32 & 60.0 & 0.016 & 0.015 & Griffin \\

--------------------------------------------------------------------
  RESULT : PASSED
  Finished: 2026-05-06 22:47:32
  Log     : /Users/takumiotsuka/Library/Mobile Documents/com~apple~CloudDocs/Desktop/Projects/research/thesis/results/run_20260506_224202/logs/loquat_table3.log
--------------------------------------------------------------------

Press Enter to close this window...
