]0;vc-pqc | snark_harness
--------------------------------------------------------------------
  vc-pqc thesis -- suite: snark_harness
  Aurora SNARK harness (snark_harness.rs)
  Started : 2026-05-06 22:42:02
  Log     : /Users/takumiotsuka/Library/Mobile Documents/com~apple~CloudDocs/Desktop/Projects/research/thesis/results/run_20260506_224202/logs/snark_harness.log
--------------------------------------------------------------------

   Compiling serde v1.0.228
   Compiling thiserror v2.0.18
   Compiling num_enum v0.7.6
   Compiling yoke v0.8.1
   Compiling bytemuck v1.25.0
   Compiling foreign-types v0.5.0
   Compiling borsh v1.6.1
   Compiling ark-ff v0.5.0
   Compiling rustls v0.23.38
   Compiling derive_more v2.1.1
   Compiling darling v0.20.11
   Compiling darling v0.23.0
   Compiling proc-macro2-diagnostics v0.10.1
   Compiling camino v1.2.2
   Compiling regex-automata v0.4.13
   Compiling strum_macros v0.27.2
   Compiling encoding_rs v0.8.35
   Compiling fastrand v2.4.1
   Compiling iri-string v0.7.12
   Compiling tempfile v3.27.0
   Compiling risc0-zkvm-platform v2.2.2
   Compiling metal v0.29.0
   Compiling cobs v0.3.0
   Compiling derive_builder_core v0.20.2
   Compiling serde_with_macros v3.18.0
   Compiling zerovec v0.11.5
   Compiling zerotrie v0.2.3
   Compiling risc0-core v3.0.1
   Compiling dirs-sys v0.5.0
   Compiling bytes v1.11.1
   Compiling postcard v1.1.3
   Compiling ruint v1.17.2
   Compiling serde_spanned v0.6.9
   Compiling toml_datetime v0.6.11
   Compiling serde_urlencoded v0.7.1
   Compiling cargo-platform v0.1.9
   Compiling toml_edit v0.22.27
   Compiling yaml-rust2 v0.10.4
   Compiling rsa v0.9.10
   Compiling tokio v1.51.1
   Compiling http v1.4.0
   Compiling serde_with v3.18.0
   Compiling derive_builder_macro v0.20.2
   Compiling risc0-circuit-recursion v4.0.4
   Compiling itertools v0.14.0
   Compiling strum v0.27.2
   Compiling include_bytes_aligned v0.1.4
   Compiling no_std_strings v0.1.3
   Compiling crc32fast v1.5.0
   Compiling http-body v1.0.1
   Compiling regex v1.12.3
   Compiling http-body-util v0.1.3
   Compiling risc0-circuit-keccak v4.0.5
   Compiling risc0-zkos-v1compat v2.2.2
   Compiling derive_builder v0.20.2
   Compiling duplicate v2.0.1
   Compiling cargo_metadata v0.19.2
   Compiling dirs v6.0.0
   Compiling toml v0.8.23
   Compiling prost-derive v0.13.5
   Compiling lazy-regex-proc_macros v3.6.0
   Compiling tinystr v0.8.2
   Compiling potential_utf v0.1.4
   Compiling icu_collections v2.1.1
   Compiling icu_locale_core v2.1.1
   Compiling maybe-async v0.2.10
   Compiling cmake v0.1.54
   Compiling downcast-rs v1.2.1
   Compiling bit-vec v0.8.0
   Compiling simd-adler32 v0.3.9
   Compiling docker-generate v0.1.3
   Compiling adler2 v2.0.1
   Compiling icu_provider v2.1.1
   Compiling miniz_oxide v0.8.9
   Compiling vc-pqc v0.1.0 (/Users/takumiotsuka/Library/Mobile Documents/com~apple~CloudDocs/Desktop/Projects/research/thesis)
   Compiling risc0-zkp v3.0.4
   Compiling rrs-lib v0.1.0
   Compiling prost v0.13.5
   Compiling lazy-regex v3.6.0
   Compiling icu_properties v2.1.2
   Compiling icu_normalizer v2.1.1
   Compiling bincode v1.3.3
   Compiling hyper v1.9.0
   Compiling tokio-rustls v0.26.4
   Compiling tower v0.5.3
   Compiling tokio-util v0.7.18
   Compiling matchers v0.2.0
   Compiling sharded-slab v0.1.7
   Compiling rmp v0.8.15
   Compiling idna_adapter v1.2.1
   Compiling idna v1.1.0
   Compiling hyper-util v0.1.20
   Compiling tower-http v0.6.8
   Compiling tracing-log v0.2.0
   Compiling thread_local v1.1.9
   Compiling nu-ansi-term v0.50.3
   Compiling rmpv v1.3.1
   Compiling sha3 v0.10.8
   Compiling url v2.5.8
   Compiling tracing-subscriber v0.3.22
   Compiling rzup v0.5.1
   Compiling flate2 v1.1.9
   Compiling hyper-rustls v0.27.8
   Compiling reqwest v0.12.28
   Compiling ark-poly v0.5.0
   Compiling ark-relations v0.5.1
   Compiling ark-snark v0.5.1
   Compiling bonsai-sdk v1.4.2
   Compiling ark-ec v0.5.0
   Compiling risc0-binfmt v3.0.4
   Compiling risc0-circuit-rv32im v4.0.4
   Compiling risc0-build v3.0.5
   Compiling ark-crypto-primitives v0.5.0
   Compiling ark-bn254 v0.5.0
   Compiling ark-groth16 v0.5.0
   Compiling risc0-groth16 v3.0.4
   Compiling risc0-zkvm v3.0.5
warning: unused import: `super::encoding`
 --> src/loquat/verify.rs:1:5
  |
1 | use super::encoding;
  |     ^^^^^^^^^^^^^^^
  |
  = note: `#[warn(unused_imports)]` (part of `#[warn(unused)]`) on by default

warning: unused import: `std::string::ToString`
  --> src/loquat/verify.rs:14:5
   |
14 | use std::string::ToString;
   |     ^^^^^^^^^^^^^^^^^^^^^

warning: unused variable: `full_prove_ms`
  --> src/bench/griffin.rs:29:28
   |
29 |     let (full_constraints, full_prove_ms, full_verify_ms, full_proof_bytes) =
   |                            ^^^^^^^^^^^^^ help: if this is intentional, prefix it with an underscore: `_full_prove_ms`
   |
   = note: `#[warn(unused_variables)]` (part of `#[warn(unused)]`) on by default

warning: unused variable: `full_verify_ms`
  --> src/bench/griffin.rs:29:43
   |
29 |     let (full_constraints, full_prove_ms, full_verify_ms, full_proof_bytes) =
   |                                           ^^^^^^^^^^^^^^ help: if this is intentional, prefix it with an underscore: `_full_verify_ms`

warning: unused variable: `full_proof_bytes`
  --> src/bench/griffin.rs:29:59
   |
29 |     let (full_constraints, full_prove_ms, full_verify_ms, full_proof_bytes) =
   |                                                           ^^^^^^^^^^^^^^^^ help: if this is intentional, prefix it with an underscore: `_full_proof_bytes`

warning: unused variable: `mu_var`
    --> src/snarks/loquat_r1cs.rs:2951:9
     |
2951 |     let mu_var = F2Var {
     |         ^^^^^^ help: if this is intentional, prefix it with an underscore: `_mu_var`

warning: function `hex_encode_sample` is never used
    --> src/bdec/mod.rs:2446:4
     |
2446 | fn hex_encode_sample(bytes: &[u8]) -> String {
     |    ^^^^^^^^^^^^^^^^^
     |
     = note: `#[warn(dead_code)]` (part of `#[warn(unused)]`) on by default

warning: function `flatten_field2_matrix` is never used
   --> src/loquat/sign.rs:185:4
    |
185 | fn flatten_field2_matrix(matrix: &[Vec<F2>], out: &mut Vec<u8>) {
    |    ^^^^^^^^^^^^^^^^^^^^^

warning: function `flatten_two_nested_field2` is never used
   --> src/loquat/sign.rs:206:4
    |
206 | fn flatten_two_nested_field2(blocks: &[Vec<Vec<F2>>], out: &mut Vec<u8>) {
    |    ^^^^^^^^^^^^^^^^^^^^^^^^^

warning: method `verify_ldt` is never used
   --> src/loquat/verify.rs:699:8
    |
552 | impl<'a> Algorithm7Verifier<'a> {
    | ------------------------------- method in this implementation
...
699 |     fn verify_ldt(&mut self) -> LoquatResult<()> {
    |        ^^^^^^^^^^

warning: function `merkle_path_opening` is never used
 --> src/snarks/loquat_r1cs.rs:1:4
  |
1 | fn merkle_path_opening(
  |    ^^^^^^^^^^^^^^^^^^^

warning: function `merkle_path_opening_fields` is never used
  --> src/snarks/loquat_r1cs.rs:90:4
   |
90 | fn merkle_path_opening_fields(
   |    ^^^^^^^^^^^^^^^^^^^^^^^^^^

warning: function `digest_bytes_to_field_vars` is never used
   --> src/snarks/loquat_r1cs.rs:270:4
    |
270 | fn digest_bytes_to_field_vars(
    |    ^^^^^^^^^^^^^^^^^^^^^^^^^^

warning: function `merkle_cap_root_from_nodes` is never used
   --> src/snarks/loquat_r1cs.rs:289:4
    |
289 | fn merkle_cap_root_from_nodes(
    |    ^^^^^^^^^^^^^^^^^^^^^^^^^^

warning: function `enforce_field_digest_equals_bytes` is never used
   --> src/snarks/loquat_r1cs.rs:360:4
    |
360 | fn enforce_field_digest_equals_bytes(
    |    ^^^^^^^^^^^^^^^^^^^^^^^^^^^^^^^^^

warning: function `field_mul_const` is never used
   --> src/snarks/loquat_r1cs.rs:922:4
    |
922 | fn field_mul_const(builder: &mut R1csBuilder, var: FieldVar, constant: F) -> FieldVar {
    |    ^^^^^^^^^^^^^^^

warning: method `to_dense` is never used
    --> src/snarks/loquat_r1cs.rs:1014:8
     |
 974 | impl SparseLC {
     | ------------- method in this implementation
...
1014 |     fn to_dense(&self, num_variables: usize) -> Vec<F> {
     |        ^^^^^^^^

warning: methods `enforce_f2_sum_equals_unit`, `enforce_f2_sum_equals_const`, `xor3_bits`, `majority_bits`, and `choice_bits` are never used
    --> src/snarks/loquat_r1cs.rs:1176:8
     |
1069 | impl R1csBuilder {
     | ---------------- methods in this implementation
...
1176 |     fn enforce_f2_sum_equals_unit(&mut self, vars: &[F2Var], target: F2Var) {
     |        ^^^^^^^^^^^^^^^^^^^^^^^^^^
...
1202 |     fn enforce_f2_sum_equals_const(&mut self, vars: &[F2Var], constant: F2) {
     |        ^^^^^^^^^^^^^^^^^^^^^^^^^^^
...
1283 |     fn xor3_bits(
     |        ^^^^^^^^^
...
1304 |     fn majority_bits(
     |        ^^^^^^^^^^^^^
...
1320 |     fn choice_bits(
     |        ^^^^^^^^^^^

warning: function `enforce_qr_witness_constraint` is never used
    --> src/snarks/loquat_r1cs.rs:3694:4
     |
3694 | fn enforce_qr_witness_constraint(
     |    ^^^^^^^^^^^^^^^^^^^^^^^^^^^^^

warning: function `enforce_expected_relation` is never used
    --> src/snarks/loquat_r1cs.rs:3747:4
     |
3747 | fn enforce_expected_relation(
     |    ^^^^^^^^^^^^^^^^^^^^^^^^^

warning: function `alloc_f2` is never used
    --> src/snarks/loquat_r1cs.rs:3836:4
     |
3836 | fn alloc_f2(builder: &mut R1csBuilder, value: F2) -> F2Var {
     |    ^^^^^^^^

warning: function `enforce_f2_add_eq` is never used
    --> src/snarks/loquat_r1cs.rs:3840:4
     |
3840 | fn enforce_f2_add_eq(builder: &mut R1csBuilder, left: F2Var, right: F2Var, target: F2Var) {
     |    ^^^^^^^^^^^^^^^^^

warning: function `enforce_f2_sub_eq` is never used
    --> src/snarks/loquat_r1cs.rs:3844:4
     |
3844 | fn enforce_f2_sub_eq(builder: &mut R1csBuilder, left: F2Var, right: F2Var, target: F2Var) {
     |    ^^^^^^^^^^^^^^^^^

warning: function `enforce_f0_linear_combination` is never used
    --> src/snarks/loquat_r1cs.rs:3954:4
     |
3954 | fn enforce_f0_linear_combination(
     |    ^^^^^^^^^^^^^^^^^^^^^^^^^^^^^

warning: function `enforce_byte_equality` is never used
    --> src/snarks/loquat_r1cs.rs:3992:4
     |
3992 | fn enforce_byte_equality(builder: &mut R1csBuilder, left: &Byte, right: &Byte) {
     |    ^^^^^^^^^^^^^^^^^^^^^

warning: function `bytes_from_f2` is never used
    --> src/snarks/loquat_r1cs.rs:4886:4
     |
4886 | fn bytes_from_f2(builder: &mut R1csBuilder, var: F2Var, value: F2) -> Vec<Byte> {
     |    ^^^^^^^^^^^^^

warning: function `serialize_field_matrix_bytes` is never used
    --> src/snarks/loquat_r1cs.rs:4892:4
     |
4892 | fn serialize_field_matrix_bytes(
     |    ^^^^^^^^^^^^^^^^^^^^^^^^^^^^

warning: struct `TranscriptCircuit` is never constructed
    --> src/snarks/loquat_r1cs.rs:4920:8
     |
4920 | struct TranscriptCircuit {
     |        ^^^^^^^^^^^^^^^^^

warning: associated items `new`, `append_message`, and `challenge` are never used
    --> src/snarks/loquat_r1cs.rs:4926:8
     |
4925 | impl TranscriptCircuit {
     | ---------------------- associated items in this implementation
4926 |     fn new(builder: &mut R1csBuilder, label: &[u8]) -> Self {
     |        ^^^
...
4936 |     fn append_message(&mut self, builder: &mut R1csBuilder, label: &[u8], data: &[Byte]) {
     |        ^^^^^^^^^^^^^^
...
4949 |     fn challenge(&mut self, builder: &mut R1csBuilder, label: &[u8]) -> Vec<Byte> {
     |        ^^^^^^^^^

warning: method `append_digest32_as_fields` is never used
    --> src/snarks/loquat_r1cs.rs:5002:8
     |
4981 | impl FieldTranscriptCircuit {
     | --------------------------- method in this implementation
...
5002 |     fn append_digest32_as_fields(
     |        ^^^^^^^^^^^^^^^^^^^^^^^^^

warning: function `enforce_field_matches_digest` is never used
    --> src/snarks/loquat_r1cs.rs:5106:4
     |
5106 | fn enforce_field_matches_digest(
     |    ^^^^^^^^^^^^^^^^^^^^^^^^^^^^

warning: function `enforce_digest_equals_bytes` is never used
    --> src/snarks/loquat_r1cs.rs:5505:4
     |
5505 | fn enforce_digest_equals_bytes(builder: &mut R1csBuilder, digest: &[Byte], expected: &[u8; 32]) {
     |    ^^^^^^^^^^^^^^^^^^^^^^^^^^^

warning: function `merkle_root_from_leaves` is never used
    --> src/snarks/loquat_r1cs.rs:5512:4
     |
5512 | fn merkle_root_from_leaves(builder: &mut R1csBuilder, leaves: &[Vec<Byte>]) -> Vec<Byte> {
     |    ^^^^^^^^^^^^^^^^^^^^^^^

warning: function `build_fri_layer_leaves` is never used
    --> src/snarks/loquat_r1cs.rs:5535:4
     |
5535 | fn build_fri_layer_leaves(
     |    ^^^^^^^^^^^^^^^^^^^^^^

warning: function `collect_f2_field_vars` is never used
    --> src/snarks/loquat_r1cs.rs:5661:4
     |
5661 | fn collect_f2_field_vars(vars: &[F2Var], values: &[F2]) -> Vec<FieldVar> {
     |    ^^^^^^^^^^^^^^^^^^^^^

warning: function `griffin_hash_f2_chunk` is never used
    --> src/snarks/loquat_r1cs.rs:5673:4
     |
5673 | fn griffin_hash_f2_chunk(
     |    ^^^^^^^^^^^^^^^^^^^^^

warning: function `hash_chunked_f2_vector` is never used
    --> src/snarks/loquat_r1cs.rs:5682:4
     |
5682 | fn hash_chunked_f2_vector(
     |    ^^^^^^^^^^^^^^^^^^^^^^

warning: function `hash_chunked_c_columns` is never used
    --> src/snarks/loquat_r1cs.rs:5700:4
     |
5700 | fn hash_chunked_c_columns(
     |    ^^^^^^^^^^^^^^^^^^^^^^

warning: function `merkle_root_from_field_digests` is never used
    --> src/snarks/loquat_r1cs.rs:5749:4
     |
5749 | fn merkle_root_from_field_digests(
     |    ^^^^^^^^^^^^^^^^^^^^^^^^^^^^^^

warning: function `merkle_root_from_f2_vector` is never used
    --> src/snarks/loquat_r1cs.rs:5772:4
     |
5772 | fn merkle_root_from_f2_vector(
     |    ^^^^^^^^^^^^^^^^^^^^^^^^^^

warning: function `merkle_root_from_c_matrix` is never used
    --> src/snarks/loquat_r1cs.rs:5783:4
     |
5783 | fn merkle_root_from_c_matrix(
     |    ^^^^^^^^^^^^^^^^^^^^^^^^^

warning: `vc-pqc` (lib) generated 41 warnings (run `cargo fix --lib -p vc-pqc` to apply 6 suggestions)
warning: unused imports: `AuroraRerunConfig`, `BackendConfig`, `CircuitScaleConfig`, `GriffinConfig`, `NoirConfig`, `R1csCompareConfig`, and `ZkvmConfig`
  --> src/bin/bench_runner.rs:36:5
   |
36 |     AuroraRerunConfig, BackendConfig, BenchConfig, BenchSuite, BenchWriter, CircuitScaleConfig,
   |     ^^^^^^^^^^^^^^^^^  ^^^^^^^^^^^^^                                        ^^^^^^^^^^^^^^^^^^
37 |     GriffinConfig, NoirConfig, R1csCompareConfig, RunnerConfig, ZkvmConfig,
   |     ^^^^^^^^^^^^^  ^^^^^^^^^^  ^^^^^^^^^^^^^^^^^                ^^^^^^^^^^
   |
   = note: `#[warn(unused_imports)]` (part of `#[warn(unused)]`) on by default

warning: unused imports: `AuroraProof`, `BdecRevocationAccumulator`, `bdec_setup`, `bdec_show_credential_paper`, and `field_utils::F`
  --> tests/snark_harness.rs:9:9
   |
 9 |         BdecRevocationAccumulator, bdec_issue_credential, bdec_nym_key, bdec_prigen, bdec_setup,
   |         ^^^^^^^^^^^^^^^^^^^^^^^^^                                                    ^^^^^^^^^^
10 |         bdec_setup_zk, bdec_show_credential_paper, bdec_show_credential_with_policy_paper,
   |                        ^^^^^^^^^^^^^^^^^^^^^^^^^^
...
15 |         LoquatKeyPair, LoquatPublicParams, LoquatSignature, field_utils::F,
   |                                                             ^^^^^^^^^^^^^^
...
19 |         AuroraParams, AuroraProof, AuroraProverOptions, FractalParams, R1csInstance, R1csWitness,
   |                       ^^^^^^^^^^^
   |
   = note: `#[warn(unused_imports)]` (part of `#[warn(unused)]`) on by default

warning: fields `params`, `keypair`, `message`, and `signature` are never read
   --> tests/snark_harness.rs:377:5
    |
376 | struct LevelFixture {
    |        ------------ fields in this struct
377 |     params: LoquatPublicParams,
    |     ^^^^^^
378 |     keypair: LoquatKeyPair,
    |     ^^^^^^^
379 |     message: Vec<u8>,
    |     ^^^^^^^
380 |     signature: LoquatSignature,
    |     ^^^^^^^^^
    |
    = note: `#[warn(dead_code)]` (part of `#[warn(unused)]`) on by default

warning: `vc-pqc` (test "snark_harness") generated 2 warnings (run `cargo fix --test "snark_harness" -p vc-pqc` to apply 1 suggestion)
warning: `vc-pqc` (bin "bench_runner") generated 1 warning (run `cargo fix --bin "bench_runner" -p vc-pqc` to apply 1 suggestion)
    Finished `test` profile [unoptimized + debuginfo] target(s) in 13.58s
     Running tests/snark_harness.rs (target/debug/deps/snark_harness-defa5903f1d24705)

running 16 tests
test aurora_accepts_valid_signature_at_level_100 ... ignored, expensive: Aurora proving path at security level 100
test aurora_accepts_valid_signature_at_level_128 ... ignored, expensive: Aurora proving path at security level 128
test aurora_compile_once_verify_many ... ignored, expensive: two Loquat-scale Aurora proves + cross-verification
test aurora_proof_size_is_within_expected_bounds ... ignored, expensive: Aurora proving path for proof-size measurement
test aurora_proves_policy_constraint_inside_showver ... ignored, expensive: Aurora proving path for policy-bound ShowVer circuit
test aurora_proves_revocation_non_membership ... ignored, expensive: Aurora proving path for revocation R1CS
test aurora_proves_two_independent_credentials_same_keypair ... ignored, expensive: two independent Aurora proving paths
test aurora_public_input_enforcement_loquat_scale ... ignored, expensive: Loquat-scale Aurora prove + PI enforcement
test fractal_proves_loquat_signature_witness ... ignored, expensive: Fractal recursive Aurora proving path
test fractal_rejects_tampered_witness ... ignored, expensive: Fractal recursive Aurora proving path
test wrong_public_key_fails_aurora_verification ... ignored, expensive: Aurora proving path for wrong-pk negative test
test tampered_signature_cannot_enter_snark ... ok
test pk_witness_instance_structure_does_not_depend_on_pk_values ... ok
test pk_witness_instance_matches_instance_only_digest ... ok
test aurora_accepts_valid_signature_witness has been running for over 60 seconds
test tampered_witness_fails_aurora_verification has been running for over 60 seconds
test tampered_witness_fails_aurora_verification ... ok
test aurora_accepts_valid_signature_witness ... ok

test result: ok. 5 passed; 0 failed; 11 ignored; 0 measured; 0 filtered out; finished in 230.46s


--------------------------------------------------------------------
  RESULT : PASSED
  Finished: 2026-05-06 22:46:07
  Log     : /Users/takumiotsuka/Library/Mobile Documents/com~apple~CloudDocs/Desktop/Projects/research/thesis/results/run_20260506_224202/logs/snark_harness.log
--------------------------------------------------------------------

Press Enter to close this window...
