]0;vc-pqc | snark_harness
--------------------------------------------------------------------
  vc-pqc thesis -- suite: snark_harness
  Aurora SNARK harness (snark_harness.rs)
  Started : 2026-05-08 13:49:43
  Log     : /Users/takumiotsuka/Library/Mobile Documents/com~apple~CloudDocs/Desktop/Projects/research/thesis/results/run_20260508_134943/logs/snark_harness.log
--------------------------------------------------------------------

warning: unused import: `super::encoding`
 --> src/loquat/verify.rs:1:5
  |
1 | use super::encoding;
  |     ^^^^^^^^^^^^^^^
  |
  = note: `#[warn(unused_imports)]` (part of `#[warn(unused)]`) on by default

warning: unused import: `std::string::ToString`
  --> src/loquat/verify.rs:14:5
   |
14 | use std::string::ToString;
   |     ^^^^^^^^^^^^^^^^^^^^^

warning: unused variable: `full_prove_ms`
  --> src/bench/griffin.rs:29:28
   |
29 |     let (full_constraints, full_prove_ms, full_verify_ms, full_proof_bytes) =
   |                            ^^^^^^^^^^^^^ help: if this is intentional, prefix it with an underscore: `_full_prove_ms`
   |
   = note: `#[warn(unused_variables)]` (part of `#[warn(unused)]`) on by default

warning: unused variable: `full_verify_ms`
  --> src/bench/griffin.rs:29:43
   |
29 |     let (full_constraints, full_prove_ms, full_verify_ms, full_proof_bytes) =
   |                                           ^^^^^^^^^^^^^^ help: if this is intentional, prefix it with an underscore: `_full_verify_ms`

warning: unused variable: `full_proof_bytes`
  --> src/bench/griffin.rs:29:59
   |
29 |     let (full_constraints, full_prove_ms, full_verify_ms, full_proof_bytes) =
   |                                                           ^^^^^^^^^^^^^^^^ help: if this is intentional, prefix it with an underscore: `_full_proof_bytes`

warning: unused variable: `mu_var`
    --> src/snarks/loquat_r1cs.rs:2951:9
     |
2951 |     let mu_var = F2Var {
     |         ^^^^^^ help: if this is intentional, prefix it with an underscore: `_mu_var`

warning: function `hex_encode_sample` is never used
    --> src/bdec/mod.rs:2446:4
     |
2446 | fn hex_encode_sample(bytes: &[u8]) -> String {
     |    ^^^^^^^^^^^^^^^^^
     |
     = note: `#[warn(dead_code)]` (part of `#[warn(unused)]`) on by default

warning: function `flatten_field2_matrix` is never used
   --> src/loquat/sign.rs:185:4
    |
185 | fn flatten_field2_matrix(matrix: &[Vec<F2>], out: &mut Vec<u8>) {
    |    ^^^^^^^^^^^^^^^^^^^^^

warning: function `flatten_two_nested_field2` is never used
   --> src/loquat/sign.rs:206:4
    |
206 | fn flatten_two_nested_field2(blocks: &[Vec<Vec<F2>>], out: &mut Vec<u8>) {
    |    ^^^^^^^^^^^^^^^^^^^^^^^^^

warning: method `verify_ldt` is never used
   --> src/loquat/verify.rs:699:8
    |
552 | impl<'a> Algorithm7Verifier<'a> {
    | ------------------------------- method in this implementation
...
699 |     fn verify_ldt(&mut self) -> LoquatResult<()> {
    |        ^^^^^^^^^^

warning: function `merkle_path_opening` is never used
 --> src/snarks/loquat_r1cs.rs:1:4
  |
1 | fn merkle_path_opening(
  |    ^^^^^^^^^^^^^^^^^^^

warning: function `merkle_path_opening_fields` is never used
  --> src/snarks/loquat_r1cs.rs:90:4
   |
90 | fn merkle_path_opening_fields(
   |    ^^^^^^^^^^^^^^^^^^^^^^^^^^

warning: function `digest_bytes_to_field_vars` is never used
   --> src/snarks/loquat_r1cs.rs:270:4
    |
270 | fn digest_bytes_to_field_vars(
    |    ^^^^^^^^^^^^^^^^^^^^^^^^^^

warning: function `merkle_cap_root_from_nodes` is never used
   --> src/snarks/loquat_r1cs.rs:289:4
    |
289 | fn merkle_cap_root_from_nodes(
    |    ^^^^^^^^^^^^^^^^^^^^^^^^^^

warning: function `enforce_field_digest_equals_bytes` is never used
   --> src/snarks/loquat_r1cs.rs:360:4
    |
360 | fn enforce_field_digest_equals_bytes(
    |    ^^^^^^^^^^^^^^^^^^^^^^^^^^^^^^^^^

warning: function `field_mul_const` is never used
   --> src/snarks/loquat_r1cs.rs:922:4
    |
922 | fn field_mul_const(builder: &mut R1csBuilder, var: FieldVar, constant: F) -> FieldVar {
    |    ^^^^^^^^^^^^^^^

warning: method `to_dense` is never used
    --> src/snarks/loquat_r1cs.rs:1014:8
     |
 974 | impl SparseLC {
     | ------------- method in this implementation
...
1014 |     fn to_dense(&self, num_variables: usize) -> Vec<F> {
     |        ^^^^^^^^

warning: methods `enforce_f2_sum_equals_unit`, `enforce_f2_sum_equals_const`, `xor3_bits`, `majority_bits`, and `choice_bits` are never used
    --> src/snarks/loquat_r1cs.rs:1176:8
     |
1069 | impl R1csBuilder {
     | ---------------- methods in this implementation
...
1176 |     fn enforce_f2_sum_equals_unit(&mut self, vars: &[F2Var], target: F2Var) {
     |        ^^^^^^^^^^^^^^^^^^^^^^^^^^
...
1202 |     fn enforce_f2_sum_equals_const(&mut self, vars: &[F2Var], constant: F2) {
     |        ^^^^^^^^^^^^^^^^^^^^^^^^^^^
...
1283 |     fn xor3_bits(
     |        ^^^^^^^^^
...
1304 |     fn majority_bits(
     |        ^^^^^^^^^^^^^
...
1320 |     fn choice_bits(
     |        ^^^^^^^^^^^

warning: function `enforce_qr_witness_constraint` is never used
    --> src/snarks/loquat_r1cs.rs:3694:4
     |
3694 | fn enforce_qr_witness_constraint(
     |    ^^^^^^^^^^^^^^^^^^^^^^^^^^^^^

warning: function `enforce_expected_relation` is never used
    --> src/snarks/loquat_r1cs.rs:3747:4
     |
3747 | fn enforce_expected_relation(
     |    ^^^^^^^^^^^^^^^^^^^^^^^^^

warning: function `alloc_f2` is never used
    --> src/snarks/loquat_r1cs.rs:3836:4
     |
3836 | fn alloc_f2(builder: &mut R1csBuilder, value: F2) -> F2Var {
     |    ^^^^^^^^

warning: function `enforce_f2_add_eq` is never used
    --> src/snarks/loquat_r1cs.rs:3840:4
     |
3840 | fn enforce_f2_add_eq(builder: &mut R1csBuilder, left: F2Var, right: F2Var, target: F2Var) {
     |    ^^^^^^^^^^^^^^^^^

warning: function `enforce_f2_sub_eq` is never used
    --> src/snarks/loquat_r1cs.rs:3844:4
     |
3844 | fn enforce_f2_sub_eq(builder: &mut R1csBuilder, left: F2Var, right: F2Var, target: F2Var) {
     |    ^^^^^^^^^^^^^^^^^

warning: function `enforce_f0_linear_combination` is never used
    --> src/snarks/loquat_r1cs.rs:3954:4
     |
3954 | fn enforce_f0_linear_combination(
     |    ^^^^^^^^^^^^^^^^^^^^^^^^^^^^^

warning: function `enforce_byte_equality` is never used
    --> src/snarks/loquat_r1cs.rs:3992:4
     |
3992 | fn enforce_byte_equality(builder: &mut R1csBuilder, left: &Byte, right: &Byte) {
     |    ^^^^^^^^^^^^^^^^^^^^^

warning: function `bytes_from_f2` is never used
    --> src/snarks/loquat_r1cs.rs:4886:4
     |
4886 | fn bytes_from_f2(builder: &mut R1csBuilder, var: F2Var, value: F2) -> Vec<Byte> {
     |    ^^^^^^^^^^^^^

warning: function `serialize_field_matrix_bytes` is never used
    --> src/snarks/loquat_r1cs.rs:4892:4
     |
4892 | fn serialize_field_matrix_bytes(
     |    ^^^^^^^^^^^^^^^^^^^^^^^^^^^^

warning: struct `TranscriptCircuit` is never constructed
    --> src/snarks/loquat_r1cs.rs:4920:8
     |
4920 | struct TranscriptCircuit {
     |        ^^^^^^^^^^^^^^^^^

warning: associated items `new`, `append_message`, and `challenge` are never used
    --> src/snarks/loquat_r1cs.rs:4926:8
     |
4925 | impl TranscriptCircuit {
     | ---------------------- associated items in this implementation
4926 |     fn new(builder: &mut R1csBuilder, label: &[u8]) -> Self {
     |        ^^^
...
4936 |     fn append_message(&mut self, builder: &mut R1csBuilder, label: &[u8], data: &[Byte]) {
     |        ^^^^^^^^^^^^^^
...
4949 |     fn challenge(&mut self, builder: &mut R1csBuilder, label: &[u8]) -> Vec<Byte> {
     |        ^^^^^^^^^

warning: method `append_digest32_as_fields` is never used
    --> src/snarks/loquat_r1cs.rs:5002:8
     |
4981 | impl FieldTranscriptCircuit {
     | --------------------------- method in this implementation
...
5002 |     fn append_digest32_as_fields(
     |        ^^^^^^^^^^^^^^^^^^^^^^^^^

warning: function `enforce_field_matches_digest` is never used
    --> src/snarks/loquat_r1cs.rs:5106:4
     |
5106 | fn enforce_field_matches_digest(
     |    ^^^^^^^^^^^^^^^^^^^^^^^^^^^^

warning: function `enforce_digest_equals_bytes` is never used
    --> src/snarks/loquat_r1cs.rs:5505:4
     |
5505 | fn enforce_digest_equals_bytes(builder: &mut R1csBuilder, digest: &[Byte], expected: &[u8; 32]) {
     |    ^^^^^^^^^^^^^^^^^^^^^^^^^^^

warning: function `merkle_root_from_leaves` is never used
    --> src/snarks/loquat_r1cs.rs:5512:4
     |
5512 | fn merkle_root_from_leaves(builder: &mut R1csBuilder, leaves: &[Vec<Byte>]) -> Vec<Byte> {
     |    ^^^^^^^^^^^^^^^^^^^^^^^

warning: function `build_fri_layer_leaves` is never used
    --> src/snarks/loquat_r1cs.rs:5535:4
     |
5535 | fn build_fri_layer_leaves(
     |    ^^^^^^^^^^^^^^^^^^^^^^

warning: function `collect_f2_field_vars` is never used
    --> src/snarks/loquat_r1cs.rs:5661:4
     |
5661 | fn collect_f2_field_vars(vars: &[F2Var], values: &[F2]) -> Vec<FieldVar> {
     |    ^^^^^^^^^^^^^^^^^^^^^

warning: function `griffin_hash_f2_chunk` is never used
    --> src/snarks/loquat_r1cs.rs:5673:4
     |
5673 | fn griffin_hash_f2_chunk(
     |    ^^^^^^^^^^^^^^^^^^^^^

warning: function `hash_chunked_f2_vector` is never used
    --> src/snarks/loquat_r1cs.rs:5682:4
     |
5682 | fn hash_chunked_f2_vector(
     |    ^^^^^^^^^^^^^^^^^^^^^^

warning: function `hash_chunked_c_columns` is never used
    --> src/snarks/loquat_r1cs.rs:5700:4
     |
5700 | fn hash_chunked_c_columns(
     |    ^^^^^^^^^^^^^^^^^^^^^^

warning: function `merkle_root_from_field_digests` is never used
    --> src/snarks/loquat_r1cs.rs:5749:4
     |
5749 | fn merkle_root_from_field_digests(
     |    ^^^^^^^^^^^^^^^^^^^^^^^^^^^^^^

warning: function `merkle_root_from_f2_vector` is never used
    --> src/snarks/loquat_r1cs.rs:5772:4
     |
5772 | fn merkle_root_from_f2_vector(
     |    ^^^^^^^^^^^^^^^^^^^^^^^^^^

warning: function `merkle_root_from_c_matrix` is never used
    --> src/snarks/loquat_r1cs.rs:5783:4
     |
5783 | fn merkle_root_from_c_matrix(
     |    ^^^^^^^^^^^^^^^^^^^^^^^^^

warning: `vc-pqc` (lib) generated 41 warnings (run `cargo fix --lib -p vc-pqc` to apply 6 suggestions)
warning: unused imports: `AuroraRerunConfig`, `BackendConfig`, `CircuitScaleConfig`, `GriffinConfig`, `NoirConfig`, `R1csCompareConfig`, and `ZkvmConfig`
  --> src/bin/bench_runner.rs:36:5
   |
36 |     AuroraRerunConfig, BackendConfig, BenchConfig, BenchSuite, BenchWriter, CircuitScaleConfig,
   |     ^^^^^^^^^^^^^^^^^  ^^^^^^^^^^^^^                                        ^^^^^^^^^^^^^^^^^^
37 |     GriffinConfig, NoirConfig, R1csCompareConfig, RunnerConfig, ZkvmConfig,
   |     ^^^^^^^^^^^^^  ^^^^^^^^^^  ^^^^^^^^^^^^^^^^^                ^^^^^^^^^^
   |
   = note: `#[warn(unused_imports)]` (part of `#[warn(unused)]`) on by default

warning: unused imports: `AuroraProof`, `BdecRevocationAccumulator`, `bdec_setup`, `bdec_show_credential_paper`, and `field_utils::F`
  --> tests/snark_harness.rs:9:9
   |
 9 |         BdecRevocationAccumulator, bdec_issue_credential, bdec_nym_key, bdec_prigen, bdec_setup,
   |         ^^^^^^^^^^^^^^^^^^^^^^^^^                                                    ^^^^^^^^^^
10 |         bdec_setup_zk, bdec_show_credential_paper, bdec_show_credential_with_policy_paper,
   |                        ^^^^^^^^^^^^^^^^^^^^^^^^^^
...
15 |         LoquatKeyPair, LoquatPublicParams, LoquatSignature, field_utils::F,
   |                                                             ^^^^^^^^^^^^^^
...
19 |         AuroraParams, AuroraProof, AuroraProverOptions, FractalParams, R1csInstance, R1csWitness,
   |                       ^^^^^^^^^^^
   |
   = note: `#[warn(unused_imports)]` (part of `#[warn(unused)]`) on by default

warning: fields `params`, `keypair`, `message`, and `signature` are never read
   --> tests/snark_harness.rs:377:5
    |
376 | struct LevelFixture {
    |        ------------ fields in this struct
377 |     params: LoquatPublicParams,
    |     ^^^^^^
378 |     keypair: LoquatKeyPair,
    |     ^^^^^^^
379 |     message: Vec<u8>,
    |     ^^^^^^^
380 |     signature: LoquatSignature,
    |     ^^^^^^^^^
    |
    = note: `#[warn(dead_code)]` (part of `#[warn(unused)]`) on by default

warning: `vc-pqc` (bin "bench_runner") generated 1 warning (run `cargo fix --bin "bench_runner" -p vc-pqc` to apply 1 suggestion)
warning: `vc-pqc` (test "snark_harness") generated 2 warnings (run `cargo fix --test "snark_harness" -p vc-pqc` to apply 1 suggestion)
    Finished `test` profile [unoptimized + debuginfo] target(s) in 0.65s
     Running tests/snark_harness.rs (target/debug/deps/snark_harness-defa5903f1d24705)

running 16 tests
test aurora_accepts_valid_signature_at_level_100 ... ignored, expensive: Aurora proving path at security level 100
test aurora_accepts_valid_signature_at_level_128 ... ignored, expensive: Aurora proving path at security level 128
test aurora_compile_once_verify_many ... ignored, expensive: two Loquat-scale Aurora proves + cross-verification
test aurora_proof_size_is_within_expected_bounds ... ignored, expensive: Aurora proving path for proof-size measurement
test aurora_proves_policy_constraint_inside_showver ... ignored, expensive: Aurora proving path for policy-bound ShowVer circuit
test aurora_proves_revocation_non_membership ... ignored, expensive: Aurora proving path for revocation R1CS
test aurora_proves_two_independent_credentials_same_keypair ... ignored, expensive: two independent Aurora proving paths
test aurora_public_input_enforcement_loquat_scale ... ignored, expensive: Loquat-scale Aurora prove + PI enforcement
test fractal_proves_loquat_signature_witness ... ignored, expensive: Fractal recursive Aurora proving path
test fractal_rejects_tampered_witness ... ignored, expensive: Fractal recursive Aurora proving path
test wrong_public_key_fails_aurora_verification ... ignored, expensive: Aurora proving path for wrong-pk negative test
test tampered_signature_cannot_enter_snark ... ok
test pk_witness_instance_structure_does_not_depend_on_pk_values ... ok
test pk_witness_instance_matches_instance_only_digest ... ok
test aurora_accepts_valid_signature_witness has been running for over 60 seconds
test tampered_witness_fails_aurora_verification has been running for over 60 seconds
test tampered_witness_fails_aurora_verification ... ok
test aurora_accepts_valid_signature_witness ... ok

test result: ok. 5 passed; 0 failed; 11 ignored; 0 measured; 0 filtered out; finished in 344.22s


--------------------------------------------------------------------
  RESULT : PASSED
  Finished: 2026-05-08 13:55:28
  Log     : /Users/takumiotsuka/Library/Mobile Documents/com~apple~CloudDocs/Desktop/Projects/research/thesis/results/run_20260508_134943/logs/snark_harness.log
--------------------------------------------------------------------

Press Enter to close this window...
